<?xml version="1.0" encoding="UTF-8"?>
<!-- Generated by org.testng.reporters.JUnitReportReporter -->
<testsuite hostname="LAPTOP-D78H200V" failures="0" tests="2" name="test2.Class3" time="36.011" errors="0" timestamp="16 Oct 2022 17:36:18 GMT">
  <testcase classname="test2.Class3" name="tescase3" time="23.431"/>
  <testcase classname="test2.Class3" name="testcase4" time="12.580"/>
</testsuite> <!-- test2.Class3 -->
