<?xml version="1.0" encoding="UTF-8"?>
<!-- Generated by org.testng.reporters.JUnitReportReporter -->
<testsuite hostname="LAPTOP-D78H200V" failures="0" tests="3" name="test2.class2" time="11.708" errors="0" timestamp="11 Oct 2022 10:04:23 GMT">
  <testcase classname="test2.class2" name="testcase1" time="2.709"/>
  <testcase classname="test2.class2" name="testcase2" time="8.975"/>
  <testcase classname="test2.class2" name="testcase3" time="0.024"/>
</testsuite> <!-- test2.class2 -->
