<?xml version="1.0" encoding="UTF-8"?>
<!-- Generated by org.testng.reporters.JUnitReportReporter -->
<testsuite hostname="LAPTOP-D78H200V" failures="0" tests="4" name="test2.class1" time="31.606" errors="0" timestamp="12 Oct 2022 04:49:50 GMT">
  <testcase classname="test2.class1" name="testcase4" time="22.043"/>
  <testcase classname="test2.class1" name="testcase3" time="4.332"/>
  <testcase classname="test2.class1" name="testcase1" time="1.269"/>
  <testcase classname="test2.class1" name="testcase2" time="3.962"/>
</testsuite> <!-- test2.class1 -->
