<?xml version="1.0" encoding="UTF-8"?>
<!-- Generated by org.testng.reporters.JUnitReportReporter -->
<testsuite hostname="LAPTOP-D78H200V" failures="0" tests="3" name="test2.class2" time="10.821" errors="0" timestamp="11 Oct 2022 14:35:16 GMT">
  <testcase classname="test2.class2" name="testcase2" time="8.916"/>
  <testcase classname="test2.class2" name="testcase1" time="1.879"/>
  <testcase classname="test2.class2" name="testcase3" time="0.026"/>
</testsuite> <!-- test2.class2 -->
